
1491404401
--2017-04-05 16:00:06--  ftp://ftp.acc.umu.se/mirror/cdimage.ubuntu.com/releases/yakkety/release/ubuntu-16.10-server-powerpc.iso.zsync
           => ‘/dev/null’
Resolving ftp.acc.umu.se (ftp.acc.umu.se)... 194.71.11.165, 2001:6b0:19::165
Connecting to ftp.acc.umu.se (ftp.acc.umu.se)|194.71.11.165|:21... connected.
Logging in as anonymous ... Logged in!
==> SYST ... done.    ==> PWD ... done.
==> TYPE I ... done.  ==> CWD (1) /mirror/cdimage.ubuntu.com/releases/yakkety/release ... done.
==> SIZE ubuntu-16.10-server-powerpc.iso.zsync ... 1418226
==> PASV ... done.    ==> RETR ubuntu-16.10-server-powerpc.iso.zsync ... done.
Length: 1418226 (1.4M) (unauthoritative)

     0K .......... .......... .......... .......... ..........  3%  555K 2s
    50K .......... .......... .......... .......... ..........  7% 1.06M 2s
   100K .......... .......... .......... .......... .......... 10% 68.6M 1s
   150K .......... .......... .......... .......... .......... 14%  186M 1s
   200K .......... .......... .......... .......... .......... 18% 1.07M 1s
   250K .......... .......... .......... .......... .......... 21% 82.1M 1s
   300K .......... .......... .......... .......... .......... 25%  126M 1s
   350K .......... .......... .......... .......... .......... 28%  147M 0s
   400K .......... .......... .......... .......... .......... 32% 1.09M 0s
   450K .......... .......... .......... .......... .......... 36%  114M 0s
   500K .......... .......... .......... .......... .......... 39%  114M 0s
   550K .......... .......... .......... .......... .......... 43%  168M 0s
   600K .......... .......... .......... .......... .......... 46%  102M 0s
   650K .......... .......... .......... .......... .......... 50%  116M 0s
   700K .......... .......... .......... .......... .......... 54%  113M 0s
   750K .......... .......... .......... .......... .......... 57%  104M 0s
   800K .......... .......... .......... .......... .......... 61% 1.14M 0s
   850K .......... .......... .......... .......... .......... 64% 74.4M 0s
   900K .......... .......... .......... .......... .......... 68%  104M 0s
   950K .......... .......... .......... .......... .......... 72%  198M 0s
  1000K .......... .......... .......... .......... .......... 75%  113M 0s
  1050K .......... .......... .......... .......... .......... 79%  106M 0s
  1100K .......... .......... .......... .......... .......... 83% 81.5M 0s
  1150K .......... .......... .......... .......... .......... 86% 75.5M 0s
  1200K .......... .......... .......... .......... .......... 90%  107M 0s
  1250K .......... .......... .......... .......... .......... 93%  145M 0s
  1300K .......... .......... .......... .......... .......... 97%  153M 0s
  1350K .......... .......... .......... ....                 100%  192M=0.3s

2017-04-05 16:00:08 (4.84 MB/s) - ‘/dev/null’ saved [1418226]


1491426002
--2017-04-05 22:00:08--  ftp://ftp.acc.umu.se/mirror/cdimage.ubuntu.com/releases/yakkety/release/ubuntu-16.10-server-powerpc.iso.zsync
           => ‘/dev/null’
Resolving ftp.acc.umu.se (ftp.acc.umu.se)... 194.71.11.165, 2001:6b0:19::165
Connecting to ftp.acc.umu.se (ftp.acc.umu.se)|194.71.11.165|:21... connected.
Logging in as anonymous ... Logged in!
==> SYST ... done.    ==> PWD ... done.
==> TYPE I ... done.  ==> CWD (1) /mirror/cdimage.ubuntu.com/releases/yakkety/release ... done.
==> SIZE ubuntu-16.10-server-powerpc.iso.zsync ... 1418226
==> PASV ... done.    ==> RETR ubuntu-16.10-server-powerpc.iso.zsync ... done.
Length: 1418226 (1.4M) (unauthoritative)

     0K .......... .......... .......... .......... ..........  3%  464K 3s
    50K .......... .......... .......... .......... ..........  7% 1.02M 2s
   100K .......... .......... .......... .......... .......... 10%  166M 1s
   150K .......... .......... .......... .......... .......... 14%  114M 1s
   200K .......... .......... .......... .......... .......... 18% 1.03M 1s
   250K .......... .......... .......... .......... .......... 21%  105M 1s
   300K .......... .......... .......... .......... .......... 25%  125M 1s
   350K .......... .......... .......... .......... .......... 28%  122M 1s
   400K .......... .......... .......... .......... .......... 32% 1.06M 1s
   450K .......... .......... .......... .......... .......... 36% 84.2M 0s
   500K .......... .......... .......... .......... .......... 39%  106M 0s
   550K .......... .......... .......... .......... .......... 43% 84.9M 0s
   600K .......... .......... .......... .......... .......... 46%  110M 0s
   650K .......... .......... .......... .......... .......... 50%  145M 0s
   700K .......... .......... .......... .......... .......... 54%  164M 0s
   750K .......... .......... .......... .......... .......... 57%  118M 0s
   800K .......... .......... .......... .......... .......... 61%  115M 0s
   850K .......... .......... .......... .......... .......... 64% 1.11M 0s
   900K .......... .......... .......... .......... .......... 68%  110M 0s
   950K .......... .......... .......... .......... .......... 72% 90.4M 0s
  1000K .......... .......... .......... .......... .......... 75%  105M 0s
  1050K .......... .......... .......... .......... .......... 79% 99.1M 0s
  1100K .......... .......... .......... .......... .......... 83%  102M 0s
  1150K .......... .......... .......... .......... .......... 86% 55.6M 0s
  1200K .......... .......... .......... .......... .......... 90%  108M 0s
  1250K .......... .......... .......... .......... .......... 93%  123M 0s
  1300K .......... .......... .......... .......... .......... 97%  359M 0s
  1350K .......... .......... .......... ....                 100%  373M=0.3s

2017-04-05 22:00:14 (4.46 MB/s) - ‘/dev/null’ saved [1418226]


1491447601
--2017-04-06 04:00:05--  ftp://ftp.acc.umu.se/mirror/cdimage.ubuntu.com/releases/yakkety/release/ubuntu-16.10-server-powerpc.iso.zsync
           => ‘/dev/null’
Resolving ftp.acc.umu.se (ftp.acc.umu.se)... 194.71.11.165, 2001:6b0:19::165
Connecting to ftp.acc.umu.se (ftp.acc.umu.se)|194.71.11.165|:21... connected.
Logging in as anonymous ... Logged in!
==> SYST ... done.    ==> PWD ... done.
==> TYPE I ... done.  ==> CWD (1) /mirror/cdimage.ubuntu.com/releases/yakkety/release ... done.
==> SIZE ubuntu-16.10-server-powerpc.iso.zsync ... 1418226
==> PASV ... done.    ==> RETR ubuntu-16.10-server-powerpc.iso.zsync ... done.
Length: 1418226 (1.4M) (unauthoritative)

     0K .......... .......... .......... .......... ..........  3%  528K 3s
    50K .......... .......... .......... .......... ..........  7% 1.03M 2s
   100K .......... .......... .......... .......... .......... 10% 64.1M 1s
   150K .......... .......... .......... .......... .......... 14%  137M 1s
   200K .......... .......... .......... .......... .......... 18% 1.05M 1s
   250K .......... .......... .......... .......... .......... 21% 89.2M 1s
   300K .......... .......... .......... .......... .......... 25%  122M 1s
   350K .......... .......... .......... .......... .......... 28%  145M 0s
   400K .......... .......... .......... .......... .......... 32% 1.07M 0s
   450K .......... .......... .......... .......... .......... 36% 76.2M 0s
   500K .......... .......... .......... .......... .......... 39%  134M 0s
   550K .......... .......... .......... .......... .......... 43% 90.7M 0s
   600K .......... .......... .......... .......... .......... 46% 98.5M 0s
   650K .......... .......... .......... .......... .......... 50%  128M 0s
   700K .......... .......... .......... .......... .......... 54%  141M 0s
   750K .......... .......... .......... .......... .......... 57%  104M 0s
   800K .......... .......... .......... .......... .......... 61% 92.1M 0s
   850K .......... .......... .......... .......... .......... 64% 1.12M 0s
   900K .......... .......... .......... .......... .......... 68% 76.7M 0s
   950K .......... .......... .......... .......... .......... 72% 76.0M 0s
  1000K .......... .......... .......... .......... .......... 75%  108M 0s
  1050K .......... .......... .......... .......... .......... 79%  141M 0s
  1100K .......... .......... .......... .......... .......... 83%  111M 0s
  1150K .......... .......... .......... .......... .......... 86% 96.9M 0s
  1200K .......... .......... .......... .......... .......... 90%  144M 0s
  1250K .......... .......... .......... .......... .......... 93% 79.1M 0s
  1300K .......... .......... .......... .......... .......... 97%  114M 0s
  1350K .......... .......... .......... ....                 100%  374M=0.3s

2017-04-06 04:00:06 (4.69 MB/s) - ‘/dev/null’ saved [1418226]


1491469202
--2017-04-06 10:00:07--  ftp://ftp.acc.umu.se/mirror/cdimage.ubuntu.com/releases/yakkety/release/ubuntu-16.10-server-powerpc.iso.zsync
           => ‘/dev/null’
Resolving ftp.acc.umu.se (ftp.acc.umu.se)... 194.71.11.165, 2001:6b0:19::165
Connecting to ftp.acc.umu.se (ftp.acc.umu.se)|194.71.11.165|:21... connected.
Logging in as anonymous ... Logged in!
==> SYST ... done.    ==> PWD ... done.
==> TYPE I ... done.  ==> CWD (1) /mirror/cdimage.ubuntu.com/releases/yakkety/release ... done.
==> SIZE ubuntu-16.10-server-powerpc.iso.zsync ... 1418226
==> PASV ... done.    ==> RETR ubuntu-16.10-server-powerpc.iso.zsync ... done.
Length: 1418226 (1.4M) (unauthoritative)

     0K .......... .......... .......... .......... ..........  3%  498K 3s
    50K .......... .......... .......... .......... ..........  7% 1.09M 2s
   100K .......... .......... .......... .......... .......... 10% 67.6M 1s
   150K .......... .......... .......... .......... .......... 14% 96.0M 1s
   200K .......... .......... .......... .......... .......... 18% 1.09M 1s
   250K .......... .......... .......... .......... .......... 21% 73.1M 1s
   300K .......... .......... .......... .......... .......... 25%  143M 1s
   350K .......... .......... .......... .......... .......... 28%  114M 0s
   400K .......... .......... .......... .......... .......... 32% 1.12M 0s
   450K .......... .......... .......... .......... .......... 36% 62.5M 0s
   500K .......... .......... .......... .......... .......... 39%  108M 0s
   550K .......... .......... .......... .......... .......... 43% 84.0M 0s
   600K .......... .......... .......... .......... .......... 46%  102M 0s
   650K .......... .......... .......... .......... .......... 50%  142M 0s
   700K .......... .......... .......... .......... .......... 54%  127M 0s
   750K .......... .......... .......... .......... .......... 57% 78.6M 0s
   800K .......... .......... .......... .......... .......... 61% 91.0M 0s
   850K .......... .......... .......... .......... .......... 64% 1.18M 0s
   900K .......... .......... .......... .......... .......... 68% 51.5M 0s
   950K .......... .......... .......... .......... .......... 72%  219M 0s
  1000K .......... .......... .......... .......... .......... 75% 34.8M 0s
  1050K .......... .......... .......... .......... .......... 79% 93.4M 0s
  1100K .......... .......... .......... .......... .......... 83%  145M 0s
  1150K .......... .......... .......... .......... .......... 86%  228M 0s
  1200K .......... .......... .......... .......... .......... 90%  129M 0s
  1250K .......... .......... .......... .......... .......... 93%  135M 0s
  1300K .......... .......... .......... .......... .......... 97%  338M 0s
  1350K .......... .......... .......... ....                 100%  381M=0.3s

2017-04-06 10:00:08 (4.73 MB/s) - ‘/dev/null’ saved [1418226]

